{"contracts\\VerifiableRAG.sol":{"l":{"214":16,"215":2,"217":14,"218":2,"220":12,"221":12,"232":8,"233":2,"235":6,"236":2,"238":4,"239":4,"249":12,"250":2,"252":10,"253":2,"255":8,"256":8,"264":4,"265":4,"266":2,"273":4,"276":4,"277":2,"279":2,"285":42,"286":42,"287":2,"289":40,"322":6,"325":6,"326":2,"328":4,"329":4,"330":4,"398":102,"399":4,"401":98,"402":2,"406":96,"407":80,"408":4,"410":76,"411":58,"412":8,"416":50,"419":50,"420":4,"422":46,"423":46,"431":46,"432":46,"433":46,"434":6,"435":4,"438":40,"439":40,"440":40,"444":42,"445":6,"447":36,"449":36,"453":4,"455":32,"456":4,"459":28,"460":28,"469":96,"470":96,"471":96,"472":2,"474":94,"475":94,"476":2,"478":92,"479":92,"480":92,"481":2,"483":90,"484":90,"485":90,"487":90,"494":80,"504":76,"505":76,"506":76,"507":2,"509":74,"510":74,"511":4,"513":70,"514":70,"515":4,"517":66,"518":66,"519":66,"520":450,"521":4,"524":62,"525":62,"526":62,"527":3724,"528":0,"530":3724,"531":3724,"532":4,"534":3720,"536":58,"547":346,"548":0,"550":346,"551":50926,"552":50926,"553":56422,"554":50590,"555":50590,"558":50926,"559":336,"562":10,"573":90,"575":90,"576":90,"577":2,"579":90,"580":8,"582":82,"583":82,"584":82,"585":82,"586":6074,"587":6074,"588":6074,"589":6074,"590":6074,"591":2,"593":6072,"594":6072,"595":6068,"597":6072,"598":6054,"606":24272,"607":24272,"608":12484,"609":3516,"610":12,"611":8,"612":6,"613":6,"618":3724,"619":3724,"620":1748,"621":56,"622":4},"path":"C:\\Users\\hp\\flare-verifiable-rag\\blockchain\\contracts\\VerifiableRAG.sol","s":{"1":16,"2":14,"3":8,"4":6,"5":4,"6":12,"7":10,"8":8,"9":4,"10":4,"11":4,"12":2,"13":42,"14":42,"15":40,"16":6,"17":4,"18":102,"19":98,"20":96,"21":80,"22":76,"23":58,"24":50,"25":50,"26":46,"27":46,"28":46,"29":6,"30":42,"31":36,"32":36,"33":32,"34":28,"35":28,"36":96,"37":96,"38":96,"39":94,"40":94,"41":92,"42":92,"43":92,"44":90,"45":90,"46":90,"47":80,"48":76,"49":76,"50":76,"51":74,"52":74,"53":70,"54":66,"55":66,"56":450,"57":62,"58":62,"59":3724,"60":3724,"61":3724,"62":346,"63":0,"64":346,"65":50926,"66":50926,"67":56422,"68":50926,"69":336,"70":10,"71":90,"72":90,"73":90,"74":90,"75":82,"76":82,"77":82,"78":6074,"79":6074,"80":6074,"81":6074,"82":6074,"83":6072,"84":6072,"85":24272,"86":24272,"87":11788,"88":12484,"89":8968,"90":3516,"91":3504,"92":12,"93":4,"94":8,"95":2,"96":6,"97":0,"98":6,"99":3724,"100":3724,"101":1976,"102":1748,"103":1692,"104":56,"105":52,"106":4},"b":{"1":[2,14],"2":[2,12],"3":[8,4],"4":[2,6],"5":[2,4],"6":[12,2],"7":[2,10],"8":[2,8],"9":[2,2],"10":[2,2],"11":[2,40],"12":[6,0],"13":[2,4],"14":[102,0],"15":[4,98],"16":[2,2],"17":[2,96],"18":[4,76],"19":[8,50],"20":[4,46],"21":[6,40],"22":[4,2],"23":[6,36],"24":[4,32],"25":[4,28],"26":[2,94],"27":[2,92],"28":[2,90],"29":[2,74],"30":[4,70],"31":[2,2],"32":[4,66],"33":[2,2],"34":[4,446],"35":[2,2],"36":[0,3724],"37":[4,3720],"38":[0,346],"39":[50590,5832],"40":[336,50590],"41":[8,82],"42":[6074,0],"43":[6070,4],"44":[6054,20],"45":[2,6072],"46":[2,0],"47":[0,0],"48":[0,0],"49":[6068,4],"50":[6054,18],"51":[11788,12484],"52":[8968,3516],"53":[3504,12],"54":[4,8],"55":[2,6],"56":[0,6],"57":[1976,1748],"58":[1692,56],"59":[52,4]},"f":{"1":16,"2":8,"3":12,"4":4,"5":4,"6":42,"7":6,"8":102,"9":96,"10":80,"11":76,"12":346,"13":90,"14":24272,"15":3724},"fnMap":{"1":{"name":"constructor","line":213,"loc":{"start":{"line":209,"column":4},"end":{"line":222,"column":4}}},"2":{"name":"updateApprovedImageDigest","line":231,"loc":{"start":{"line":231,"column":4},"end":{"line":240,"column":4}}},"3":{"name":"updatePriceFeedId","line":248,"loc":{"start":{"line":248,"column":4},"end":{"line":257,"column":4}}},"4":{"name":"fdcHub","line":263,"loc":{"start":{"line":263,"column":4},"end":{"line":268,"column":4}}},"5":{"name":"fdcVerification","line":272,"loc":{"start":{"line":272,"column":4},"end":{"line":280,"column":4}}},"6":{"name":"ftsoV2","line":284,"loc":{"start":{"line":284,"column":4},"end":{"line":290,"column":4}}},"7":{"name":"submitAttestation","line":321,"loc":{"start":{"line":318,"column":4},"end":{"line":333,"column":4}}},"8":{"name":"verifyAndSettleRAG","line":397,"loc":{"start":{"line":392,"column":4},"end":{"line":461,"column":4}}},"9":{"name":"_jwtPayload","line":466,"loc":{"start":{"line":466,"column":4},"end":{"line":488,"column":4}}},"10":{"name":"_hasSwname","line":493,"loc":{"start":{"line":493,"column":4},"end":{"line":495,"column":4}}},"11":{"name":"_extractImageDigest","line":501,"loc":{"start":{"line":501,"column":4},"end":{"line":537,"column":4}}},"12":{"name":"_indexOf","line":542,"loc":{"start":{"line":542,"column":4},"end":{"line":563,"column":4}}},"13":{"name":"_b64UrlDecode","line":570,"loc":{"start":{"line":570,"column":4},"end":{"line":601,"column":4}}},"14":{"name":"_b64Value","line":605,"loc":{"start":{"line":605,"column":4},"end":{"line":614,"column":4}}},"15":{"name":"_hexValue","line":617,"loc":{"start":{"line":617,"column":4},"end":{"line":623,"column":4}}}},"statementMap":{"1":{"start":{"line":214,"column":8},"end":{"line":214,"column":10019}},"2":{"start":{"line":217,"column":8},"end":{"line":217,"column":10111}},"3":{"start":{"line":232,"column":8},"end":{"line":232,"column":10896}},"4":{"start":{"line":235,"column":8},"end":{"line":235,"column":10980}},"5":{"start":{"line":238,"column":8},"end":{"line":238,"column":64}},"6":{"start":{"line":249,"column":8},"end":{"line":249,"column":11674}},"7":{"start":{"line":252,"column":8},"end":{"line":252,"column":11757}},"8":{"start":{"line":255,"column":8},"end":{"line":255,"column":56}},"9":{"start":{"line":265,"column":8},"end":{"line":265,"column":12334}},"10":{"start":{"line":273,"column":8},"end":{"line":273,"column":12655}},"11":{"start":{"line":276,"column":8},"end":{"line":276,"column":12769}},"12":{"start":{"line":279,"column":8},"end":{"line":279,"column":23}},"13":{"start":{"line":285,"column":8},"end":{"line":285,"column":78}},"14":{"start":{"line":286,"column":8},"end":{"line":286,"column":13199}},"15":{"start":{"line":289,"column":8},"end":{"line":289,"column":19}},"16":{"start":{"line":325,"column":8},"end":{"line":325,"column":15179}},"17":{"start":{"line":330,"column":8},"end":{"line":330,"column":74}},"18":{"start":{"line":398,"column":8},"end":{"line":398,"column":19283}},"19":{"start":{"line":401,"column":8},"end":{"line":401,"column":19391}},"20":{"start":{"line":406,"column":8},"end":{"line":406,"column":54}},"21":{"start":{"line":407,"column":8},"end":{"line":407,"column":19595}},"22":{"start":{"line":410,"column":8},"end":{"line":410,"column":53}},"23":{"start":{"line":411,"column":8},"end":{"line":411,"column":19731}},"24":{"start":{"line":416,"column":8},"end":{"line":416,"column":19913}},"25":{"start":{"line":419,"column":8},"end":{"line":419,"column":20018}},"26":{"start":{"line":431,"column":8},"end":{"line":431,"column":82}},"27":{"start":{"line":432,"column":8},"end":{"line":432,"column":64}},"28":{"start":{"line":433,"column":8},"end":{"line":433,"column":20781}},"29":{"start":{"line":434,"column":12},"end":{"line":434,"column":20820}},"30":{"start":{"line":444,"column":8},"end":{"line":444,"column":21167}},"31":{"start":{"line":447,"column":8},"end":{"line":447,"column":21286}},"32":{"start":{"line":449,"column":8},"end":{"line":449,"column":21376}},"33":{"start":{"line":455,"column":8},"end":{"line":455,"column":21549}},"34":{"start":{"line":459,"column":8},"end":{"line":459,"column":63}},"35":{"start":{"line":460,"column":8},"end":{"line":460,"column":19}},"36":{"start":{"line":469,"column":8},"end":{"line":469,"column":42}},"37":{"start":{"line":470,"column":8},"end":{"line":470,"column":56}},"38":{"start":{"line":471,"column":8},"end":{"line":471,"column":22152}},"39":{"start":{"line":474,"column":8},"end":{"line":474,"column":77}},"40":{"start":{"line":475,"column":8},"end":{"line":475,"column":22304}},"41":{"start":{"line":478,"column":8},"end":{"line":478,"column":45}},"42":{"start":{"line":479,"column":8},"end":{"line":479,"column":40}},"43":{"start":{"line":480,"column":8},"end":{"line":480,"column":22467}},"44":{"start":{"line":483,"column":8},"end":{"line":483,"column":60}},"45":{"start":{"line":484,"column":8},"end":{"line":484,"column":22602}},"46":{"start":{"line":487,"column":8},"end":{"line":487,"column":44}},"47":{"start":{"line":494,"column":8},"end":{"line":494,"column":78}},"48":{"start":{"line":504,"column":8},"end":{"line":504,"column":50}},"49":{"start":{"line":505,"column":8},"end":{"line":505,"column":43}},"50":{"start":{"line":506,"column":8},"end":{"line":506,"column":23647}},"51":{"start":{"line":509,"column":8},"end":{"line":509,"column":44}},"52":{"start":{"line":510,"column":8},"end":{"line":510,"column":23760}},"53":{"start":{"line":514,"column":8},"end":{"line":514,"column":23878}},"54":{"start":{"line":518,"column":8},"end":{"line":518,"column":46}},"55":{"start":{"line":519,"column":8},"end":{"line":519,"column":24044}},"56":{"start":{"line":520,"column":12},"end":{"line":520,"column":24106}},"57":{"start":{"line":525,"column":8},"end":{"line":525,"column":17}},"58":{"start":{"line":526,"column":8},"end":{"line":526,"column":24278}},"59":{"start":{"line":527,"column":12},"end":{"line":527,"column":24329}},"60":{"start":{"line":530,"column":12},"end":{"line":530,"column":45}},"61":{"start":{"line":531,"column":12},"end":{"line":531,"column":24470}},"62":{"start":{"line":547,"column":8},"end":{"line":547,"column":24919}},"63":{"start":{"line":548,"column":12},"end":{"line":548,"column":32}},"64":{"start":{"line":550,"column":8},"end":{"line":550,"column":24998}},"65":{"start":{"line":551,"column":12},"end":{"line":551,"column":29}},"66":{"start":{"line":552,"column":12},"end":{"line":552,"column":25116}},"67":{"start":{"line":553,"column":16},"end":{"line":553,"column":25183}},"68":{"start":{"line":558,"column":12},"end":{"line":558,"column":25323}},"69":{"start":{"line":559,"column":16},"end":{"line":559,"column":32}},"70":{"start":{"line":562,"column":8},"end":{"line":562,"column":25}},"71":{"start":{"line":573,"column":8},"end":{"line":573,"column":34}},"72":{"start":{"line":575,"column":8},"end":{"line":575,"column":29}},"73":{"start":{"line":576,"column":8},"end":{"line":576,"column":26044}},"74":{"start":{"line":579,"column":8},"end":{"line":579,"column":26129}},"75":{"start":{"line":582,"column":8},"end":{"line":582,"column":40}},"76":{"start":{"line":584,"column":8},"end":{"line":584,"column":17}},"77":{"start":{"line":585,"column":8},"end":{"line":585,"column":26298}},"78":{"start":{"line":586,"column":12},"end":{"line":586,"column":42}},"79":{"start":{"line":587,"column":12},"end":{"line":587,"column":66}},"80":{"start":{"line":588,"column":12},"end":{"line":588,"column":66}},"81":{"start":{"line":589,"column":12},"end":{"line":589,"column":66}},"82":{"start":{"line":590,"column":12},"end":{"line":590,"column":26603}},"83":{"start":{"line":594,"column":12},"end":{"line":594,"column":26777}},"84":{"start":{"line":597,"column":12},"end":{"line":597,"column":26895}},"85":{"start":{"line":606,"column":8},"end":{"line":606,"column":27}},"86":{"start":{"line":607,"column":8},"end":{"line":607,"column":51}},"87":{"start":{"line":607,"column":36},"end":{"line":607,"column":51}},"88":{"start":{"line":608,"column":8},"end":{"line":608,"column":56}},"89":{"start":{"line":608,"column":36},"end":{"line":608,"column":56}},"90":{"start":{"line":609,"column":8},"end":{"line":609,"column":56}},"91":{"start":{"line":609,"column":36},"end":{"line":609,"column":56}},"92":{"start":{"line":610,"column":8},"end":{"line":610,"column":32}},"93":{"start":{"line":610,"column":23},"end":{"line":610,"column":32}},"94":{"start":{"line":611,"column":8},"end":{"line":611,"column":32}},"95":{"start":{"line":611,"column":23},"end":{"line":611,"column":32}},"96":{"start":{"line":612,"column":8},"end":{"line":612,"column":31}},"97":{"start":{"line":612,"column":23},"end":{"line":612,"column":31}},"98":{"start":{"line":613,"column":8},"end":{"line":613,"column":18}},"99":{"start":{"line":618,"column":8},"end":{"line":618,"column":27}},"100":{"start":{"line":619,"column":8},"end":{"line":619,"column":51}},"101":{"start":{"line":619,"column":36},"end":{"line":619,"column":51}},"102":{"start":{"line":620,"column":8},"end":{"line":620,"column":56}},"103":{"start":{"line":620,"column":36},"end":{"line":620,"column":56}},"104":{"start":{"line":621,"column":8},"end":{"line":621,"column":56}},"105":{"start":{"line":621,"column":36},"end":{"line":621,"column":56}},"106":{"start":{"line":622,"column":8},"end":{"line":622,"column":19}}},"branchMap":{"1":{"line":214,"type":"if","locations":[{"start":{"line":214,"column":8},"end":{"line":214,"column":8}},{"start":{"line":214,"column":8},"end":{"line":214,"column":8}}]},"2":{"line":217,"type":"if","locations":[{"start":{"line":217,"column":8},"end":{"line":217,"column":8}},{"start":{"line":217,"column":8},"end":{"line":217,"column":8}}]},"3":{"line":231,"type":"if","locations":[{"start":{"line":231,"column":68},"end":{"line":231,"column":68}},{"start":{"line":231,"column":68},"end":{"line":231,"column":68}}]},"4":{"line":232,"type":"if","locations":[{"start":{"line":232,"column":8},"end":{"line":232,"column":8}},{"start":{"line":232,"column":8},"end":{"line":232,"column":8}}]},"5":{"line":235,"type":"if","locations":[{"start":{"line":235,"column":8},"end":{"line":235,"column":8}},{"start":{"line":235,"column":8},"end":{"line":235,"column":8}}]},"6":{"line":248,"type":"if","locations":[{"start":{"line":248,"column":60},"end":{"line":248,"column":60}},{"start":{"line":248,"column":60},"end":{"line":248,"column":60}}]},"7":{"line":249,"type":"if","locations":[{"start":{"line":249,"column":8},"end":{"line":249,"column":8}},{"start":{"line":249,"column":8},"end":{"line":249,"column":8}}]},"8":{"line":252,"type":"if","locations":[{"start":{"line":252,"column":8},"end":{"line":252,"column":8}},{"start":{"line":252,"column":8},"end":{"line":252,"column":8}}]},"9":{"line":265,"type":"if","locations":[{"start":{"line":265,"column":8},"end":{"line":265,"column":8}},{"start":{"line":265,"column":8},"end":{"line":265,"column":8}}]},"10":{"line":276,"type":"if","locations":[{"start":{"line":276,"column":8},"end":{"line":276,"column":8}},{"start":{"line":276,"column":8},"end":{"line":276,"column":8}}]},"11":{"line":286,"type":"if","locations":[{"start":{"line":286,"column":8},"end":{"line":286,"column":8}},{"start":{"line":286,"column":8},"end":{"line":286,"column":8}}]},"12":{"line":321,"type":"if","locations":[{"start":{"line":321,"column":15},"end":{"line":321,"column":15}},{"start":{"line":321,"column":15},"end":{"line":321,"column":15}}]},"13":{"line":325,"type":"if","locations":[{"start":{"line":325,"column":8},"end":{"line":325,"column":8}},{"start":{"line":325,"column":8},"end":{"line":325,"column":8}}]},"14":{"line":397,"type":"if","locations":[{"start":{"line":397,"column":15},"end":{"line":397,"column":15}},{"start":{"line":397,"column":15},"end":{"line":397,"column":15}}]},"15":{"line":398,"type":"if","locations":[{"start":{"line":398,"column":8},"end":{"line":398,"column":8}},{"start":{"line":398,"column":8},"end":{"line":398,"column":8}}]},"16":{"line":398,"type":"cond-expr","locations":[{"start":{"line":398,"column":12},"end":{"line":398,"column":33}},{"start":{"line":398,"column":38},"end":{"line":398,"column":58}}]},"17":{"line":401,"type":"if","locations":[{"start":{"line":401,"column":8},"end":{"line":401,"column":8}},{"start":{"line":401,"column":8},"end":{"line":401,"column":8}}]},"18":{"line":407,"type":"if","locations":[{"start":{"line":407,"column":8},"end":{"line":407,"column":8}},{"start":{"line":407,"column":8},"end":{"line":407,"column":8}}]},"19":{"line":411,"type":"if","locations":[{"start":{"line":411,"column":8},"end":{"line":411,"column":8}},{"start":{"line":411,"column":8},"end":{"line":411,"column":8}}]},"20":{"line":419,"type":"if","locations":[{"start":{"line":419,"column":8},"end":{"line":419,"column":8}},{"start":{"line":419,"column":8},"end":{"line":419,"column":8}}]},"21":{"line":433,"type":"if","locations":[{"start":{"line":433,"column":8},"end":{"line":433,"column":8}},{"start":{"line":433,"column":8},"end":{"line":433,"column":8}}]},"22":{"line":434,"type":"if","locations":[{"start":{"line":434,"column":12},"end":{"line":434,"column":12}},{"start":{"line":434,"column":12},"end":{"line":434,"column":12}}]},"23":{"line":444,"type":"if","locations":[{"start":{"line":444,"column":8},"end":{"line":444,"column":8}},{"start":{"line":444,"column":8},"end":{"line":444,"column":8}}]},"24":{"line":449,"type":"if","locations":[{"start":{"line":449,"column":8},"end":{"line":449,"column":8}},{"start":{"line":449,"column":8},"end":{"line":449,"column":8}}]},"25":{"line":455,"type":"if","locations":[{"start":{"line":455,"column":8},"end":{"line":455,"column":8}},{"start":{"line":455,"column":8},"end":{"line":455,"column":8}}]},"26":{"line":471,"type":"if","locations":[{"start":{"line":471,"column":8},"end":{"line":471,"column":8}},{"start":{"line":471,"column":8},"end":{"line":471,"column":8}}]},"27":{"line":475,"type":"if","locations":[{"start":{"line":475,"column":8},"end":{"line":475,"column":8}},{"start":{"line":475,"column":8},"end":{"line":475,"column":8}}]},"28":{"line":480,"type":"if","locations":[{"start":{"line":480,"column":8},"end":{"line":480,"column":8}},{"start":{"line":480,"column":8},"end":{"line":480,"column":8}}]},"29":{"line":506,"type":"if","locations":[{"start":{"line":506,"column":8},"end":{"line":506,"column":8}},{"start":{"line":506,"column":8},"end":{"line":506,"column":8}}]},"30":{"line":510,"type":"if","locations":[{"start":{"line":510,"column":8},"end":{"line":510,"column":8}},{"start":{"line":510,"column":8},"end":{"line":510,"column":8}}]},"31":{"line":510,"type":"cond-expr","locations":[{"start":{"line":510,"column":12},"end":{"line":510,"column":28}},{"start":{"line":510,"column":33},"end":{"line":510,"column":48}}]},"32":{"line":514,"type":"if","locations":[{"start":{"line":514,"column":8},"end":{"line":514,"column":8}},{"start":{"line":514,"column":8},"end":{"line":514,"column":8}}]},"33":{"line":514,"type":"cond-expr","locations":[{"start":{"line":514,"column":12},"end":{"line":514,"column":28}},{"start":{"line":514,"column":33},"end":{"line":514,"column":48}}]},"34":{"line":520,"type":"if","locations":[{"start":{"line":520,"column":12},"end":{"line":520,"column":12}},{"start":{"line":520,"column":12},"end":{"line":520,"column":12}}]},"35":{"line":520,"type":"cond-expr","locations":[{"start":{"line":520,"column":16},"end":{"line":520,"column":36}},{"start":{"line":520,"column":41},"end":{"line":520,"column":65}}]},"36":{"line":527,"type":"if","locations":[{"start":{"line":527,"column":12},"end":{"line":527,"column":12}},{"start":{"line":527,"column":12},"end":{"line":527,"column":12}}]},"37":{"line":531,"type":"if","locations":[{"start":{"line":531,"column":12},"end":{"line":531,"column":12}},{"start":{"line":531,"column":12},"end":{"line":531,"column":12}}]},"38":{"line":547,"type":"if","locations":[{"start":{"line":547,"column":8},"end":{"line":547,"column":8}},{"start":{"line":547,"column":8},"end":{"line":547,"column":8}}]},"39":{"line":553,"type":"if","locations":[{"start":{"line":553,"column":16},"end":{"line":553,"column":16}},{"start":{"line":553,"column":16},"end":{"line":553,"column":16}}]},"40":{"line":558,"type":"if","locations":[{"start":{"line":558,"column":12},"end":{"line":558,"column":12}},{"start":{"line":558,"column":12},"end":{"line":558,"column":12}}]},"41":{"line":579,"type":"if","locations":[{"start":{"line":579,"column":8},"end":{"line":579,"column":8}},{"start":{"line":579,"column":8},"end":{"line":579,"column":8}}]},"42":{"line":587,"type":"if","locations":[{"start":{"line":587,"column":41},"end":{"line":587,"column":61}},{"start":{"line":587,"column":65},"end":{"line":587,"column":65}}]},"43":{"line":588,"type":"if","locations":[{"start":{"line":588,"column":41},"end":{"line":588,"column":61}},{"start":{"line":588,"column":65},"end":{"line":588,"column":65}}]},"44":{"line":589,"type":"if","locations":[{"start":{"line":589,"column":41},"end":{"line":589,"column":61}},{"start":{"line":589,"column":65},"end":{"line":589,"column":65}}]},"45":{"line":590,"type":"if","locations":[{"start":{"line":590,"column":12},"end":{"line":590,"column":12}},{"start":{"line":590,"column":12},"end":{"line":590,"column":12}}]},"46":{"line":590,"type":"cond-expr","locations":[{"start":{"line":590,"column":16},"end":{"line":590,"column":22}},{"start":{"line":590,"column":27},"end":{"line":590,"column":33}}]},"47":{"line":590,"type":"cond-expr","locations":[{"start":{"line":590,"column":16},"end":{"line":590,"column":33}},{"start":{"line":590,"column":38},"end":{"line":590,"column":44}}]},"48":{"line":590,"type":"cond-expr","locations":[{"start":{"line":590,"column":16},"end":{"line":590,"column":44}},{"start":{"line":590,"column":49},"end":{"line":590,"column":55}}]},"49":{"line":594,"type":"if","locations":[{"start":{"line":594,"column":12},"end":{"line":594,"column":12}},{"start":{"line":594,"column":12},"end":{"line":594,"column":12}}]},"50":{"line":597,"type":"if","locations":[{"start":{"line":597,"column":12},"end":{"line":597,"column":12}},{"start":{"line":597,"column":12},"end":{"line":597,"column":12}}]},"51":{"line":607,"type":"if","locations":[{"start":{"line":607,"column":8},"end":{"line":607,"column":8}},{"start":{"line":607,"column":8},"end":{"line":607,"column":8}}]},"52":{"line":608,"type":"if","locations":[{"start":{"line":608,"column":8},"end":{"line":608,"column":8}},{"start":{"line":608,"column":8},"end":{"line":608,"column":8}}]},"53":{"line":609,"type":"if","locations":[{"start":{"line":609,"column":8},"end":{"line":609,"column":8}},{"start":{"line":609,"column":8},"end":{"line":609,"column":8}}]},"54":{"line":610,"type":"if","locations":[{"start":{"line":610,"column":8},"end":{"line":610,"column":8}},{"start":{"line":610,"column":8},"end":{"line":610,"column":8}}]},"55":{"line":611,"type":"if","locations":[{"start":{"line":611,"column":8},"end":{"line":611,"column":8}},{"start":{"line":611,"column":8},"end":{"line":611,"column":8}}]},"56":{"line":612,"type":"if","locations":[{"start":{"line":612,"column":8},"end":{"line":612,"column":8}},{"start":{"line":612,"column":8},"end":{"line":612,"column":8}}]},"57":{"line":619,"type":"if","locations":[{"start":{"line":619,"column":8},"end":{"line":619,"column":8}},{"start":{"line":619,"column":8},"end":{"line":619,"column":8}}]},"58":{"line":620,"type":"if","locations":[{"start":{"line":620,"column":8},"end":{"line":620,"column":8}},{"start":{"line":620,"column":8},"end":{"line":620,"column":8}}]},"59":{"line":621,"type":"if","locations":[{"start":{"line":621,"column":8},"end":{"line":621,"column":8}},{"start":{"line":621,"column":8},"end":{"line":621,"column":8}}]}}}}